w:\university\games programming - assignment 1\games programming - assignment 1\x64\debug\vc142.pdb
w:\university\games programming - assignment 1\games programming - assignment 1\x64\debug\vc142.idb
w:\university\games programming - assignment 1\games programming - assignment 1\x64\debug\graphics.obj
w:\university\games programming - assignment 1\games programming - assignment 1\x64\debug\goal.obj
w:\university\games programming - assignment 1\games programming - assignment 1\x64\debug\gamemanager.obj
w:\university\games programming - assignment 1\games programming - assignment 1\x64\debug\gameentity.obj
w:\university\games programming - assignment 1\games programming - assignment 1\x64\debug\fryingpan.obj
w:\university\games programming - assignment 1\games programming - assignment 1\x64\debug\foodcontainerlettuce.obj
w:\university\games programming - assignment 1\games programming - assignment 1\x64\debug\foodcontainercheese.obj
w:\university\games programming - assignment 1\games programming - assignment 1\x64\debug\foodcontainerbuns.obj
w:\university\games programming - assignment 1\games programming - assignment 1\x64\debug\cooker.obj
w:\university\games programming - assignment 1\games programming - assignment 1\x64\debug\containermeat.obj
w:\university\games programming - assignment 1\games programming - assignment 1\x64\debug\collider.obj
w:\university\games programming - assignment 1\games programming - assignment 1\x64\debug\circlecollider.obj
w:\university\games programming - assignment 1\games programming - assignment 1\x64\debug\chopping.obj
w:\university\games programming - assignment 1\games programming - assignment 1\x64\debug\cheese.obj
w:\university\games programming - assignment 1\games programming - assignment 1\x64\debug\buttons.obj
w:\university\games programming - assignment 1\games programming - assignment 1\x64\debug\bun.obj
w:\university\games programming - assignment 1\games programming - assignment 1\x64\debug\boxcollider.obj
w:\university\games programming - assignment 1\games programming - assignment 1\x64\debug\audiomanager.obj
w:\university\games programming - assignment 1\games programming - assignment 1\x64\debug\assetmanager.obj
w:\university\games programming - assignment 1\games programming - assignment 1\x64\debug\animatedtexture.obj
w:\university\games programming - assignment 1\games programming - assignment 1\x64\debug\timer.obj
w:\university\games programming - assignment 1\games programming - assignment 1\x64\debug\texture.obj
w:\university\games programming - assignment 1\games programming - assignment 1\x64\debug\startscreen.obj
w:\university\games programming - assignment 1\games programming - assignment 1\x64\debug\screenmanager.obj
w:\university\games programming - assignment 1\games programming - assignment 1\x64\debug\scoreboard.obj
w:\university\games programming - assignment 1\games programming - assignment 1\x64\debug\recipedecider.obj
w:\university\games programming - assignment 1\games programming - assignment 1\x64\debug\recipe.obj
w:\university\games programming - assignment 1\games programming - assignment 1\x64\debug\player.obj
w:\university\games programming - assignment 1\games programming - assignment 1\x64\debug\platecontainer.obj
w:\university\games programming - assignment 1\games programming - assignment 1\x64\debug\plate.obj
w:\university\games programming - assignment 1\games programming - assignment 1\x64\debug\physicsmanager.obj
w:\university\games programming - assignment 1\games programming - assignment 1\x64\debug\physicsentity.obj
w:\university\games programming - assignment 1\games programming - assignment 1\x64\debug\meat.obj
w:\university\games programming - assignment 1\games programming - assignment 1\x64\debug\main.obj
w:\university\games programming - assignment 1\games programming - assignment 1\x64\debug\level.obj
w:\university\games programming - assignment 1\games programming - assignment 1\x64\debug\lettuce.obj
w:\university\games programming - assignment 1\games programming - assignment 1\x64\debug\inputmanager.obj
w:\university\games programming - assignment 1\x64\debug\games programming - assignment 1.exe
w:\university\games programming - assignment 1\x64\debug\games programming - assignment 1.ilk
w:\university\games programming - assignment 1\x64\debug\games programming - assignment 1.pdb
w:\university\games programming - assignment 1\games programming - assignment 1\x64\debug\games pr.8269526a.tlog\cl.command.1.tlog
w:\university\games programming - assignment 1\games programming - assignment 1\x64\debug\games pr.8269526a.tlog\cl.read.1.tlog
w:\university\games programming - assignment 1\games programming - assignment 1\x64\debug\games pr.8269526a.tlog\cl.write.1.tlog
w:\university\games programming - assignment 1\games programming - assignment 1\x64\debug\games pr.8269526a.tlog\link.command.1.tlog
w:\university\games programming - assignment 1\games programming - assignment 1\x64\debug\games pr.8269526a.tlog\link.read.1.tlog
w:\university\games programming - assignment 1\games programming - assignment 1\x64\debug\games pr.8269526a.tlog\link.write.1.tlog
